<?xml version="1.0" encoding="UTF-8"?>
<testng-results ignored="0" total="1" passed="1" failed="0" skipped="0">
  <reporter-output>
  </reporter-output>
  <suite started-at="2025-04-07T17:55:07 IST" name="Default suite" finished-at="2025-04-07T17:55:08 IST" duration-ms="1134">
    <groups>
    </groups>
    <test started-at="2025-04-07T17:55:07 IST" name="Default test" finished-at="2025-04-07T17:55:08 IST" duration-ms="1134">
      <class name="testscripts.LoginSuccess">
        <test-method is-config="true" signature="setup()[pri:0, instance:testscripts.LoginSuccess@56e07a08]" started-at="2025-04-07T17:55:07 IST" name="setup" finished-at="2025-04-07T17:55:07 IST" duration-ms="558" status="PASS">
          <reporter-output>
          </reporter-output>
        </test-method> <!-- setup -->
        <test-method signature="validLogiTest()[pri:0, instance:testscripts.LoginSuccess@56e07a08]" started-at="2025-04-07T17:55:07 IST" name="validLogiTest" finished-at="2025-04-07T17:55:08 IST" duration-ms="507" status="PASS">
          <reporter-output>
          </reporter-output>
        </test-method> <!-- validLogiTest -->
      </class> <!-- testscripts.LoginSuccess -->
    </test> <!-- Default test -->
  </suite> <!-- Default suite -->
</testng-results>
